
 OPTIM version Unversioned directory, Copyright (C) David J. Wales
 OPTIM comes with ABSOLUTELY NO WARRANTY; for details supply WARRANTY as an input keyword.
 This is free software, and you are welcome to redistribute it
 under certain conditions; provide keyword COPYRIGHT to see the details.

 getparams> Number of atoms (or variables)  determined as     38
 keyword> Distance tolerance for distinguising atoms in the same orbit=        0.00100
 keyword> Number of groups of permutable atoms=     1
 fetchz> Hybrid EF/BFGS transition state search, maximum steps= 200
         maximum tangent space steps=   3 or   25 when overlap is better than     0.999900
 fetchz> Uphill mode is    0 for initial step and    0 after that
 fetchz> No Hessian: Rayleigh-Ritz max steps=  50 RMS <       0.0001 and |% change|<     1.0    
 fetchz> Hessian eigenvector in Rayleigh-Ritz scheme calculated using method    2

 fetchz> Coordinates of second point read from file finish
 fetchz>  114 Cartesian coordinates will be optimised for   38 Lennard-Jones+Axilrod-Teller atoms
 fetchz> Axilrod-Teller Z*=  0.00000000

 fetchz> Number of random initial orientations in permutational alignment=     5
 fetchz> Point group checked when RMS force <     0.00100000, highest symmetry axis tested for=  6
 fetchz> Initial distance and eigenvalue tolerances in symmetry determination=     0.00010000     0.00010000
 fetchz> Minimum number of optimization steps=     0
 fetchz> Pathways will be calculated saving   1000 frames on each side
 fetchz> Extra (d)neb steps allowed if the (d)neb energy is > lowest value times       0.0000
 fetchz> Convergence criterion for LBFGS optimization: RMS force< 0.10000000E-05 maximum steps=  5000
 fetchz> Maximum energy rise in LBFGS minimization=    0.1000000000E-09
 fetchz> Number of updates in LBFGS=       10
 fetchz> Number of updates in XLBFGS=  10
 fetchz> Number of updates in mind=   4
 fetchz> Number of updates in neb=   4
 fetchz> Initial guess for diagonal elements in LBFGS=     0.1000
 fetchz> Initial guess for diagonal elements in XLBFGS=    0.1000
 fetchz> Maximum step size in LBFGS energy minimization=     0.2000
 fetchz> Maximum step size in XLBFGS=    0.2000
 fetchz> Maximum step size in LBFGS neb image minimization=                 0.2000
 fetchz> Warnings will be issued if atoms become closer than 0.5 units
 fetchz> System will be enclosed in a spherical container radius=        5.00000


 rotcon> Rotational constants (in cm-1) and principal moments of inertia: 
        0.98541         0.98541         0.98541        61.09121        61.09121        61.09121
 symmetry> The full molecular point group is O h .
 symmetry> The largest Abelian subgroup of the full molecular point group is D2h .
 symmetry> Distance tolerance=     0.00010 Inertia tolerance=     0.00010
 symmetry> Order of full point group=    48
 OPTIM> Using translational/rotational ev shift=     1000000.000    
 OPTIM> Initial energy=    -173.9284266     RMS force=    0.5691076722E-08
 OPTIM> Final energy  =    -173.2523784     RMS force=    0.6326929661E-08
 KeyConnect> Maximum cycles = 100, maximum images = 30
 KeyConnect> Maximum attempts per pair of minima = 1, with increment image density of 5.00
 KeyConnect> Image density = 20.00, iteration density = 20.00
 KeyNEB> Initial and final NEB force constants     10.00000000        10.00000000     factor=    1.010000000    
 KeyNEB> Number of images will vary depending on the separation of the endpoints
 KeyGrad> Overall rotation and translation will NOT be removed
 KeyGrad> Using doubly nudged elastic band gradient
 KeyOutput> Transition state candidates will be optimized
 KeyOutput> Concise printing during transition states optimization
 KeyOutput> Transition state candidates are maxima along NEB
 KeyMin> Maximal number of iterations will vary, depending on the number of images in the band
 KeyMin> RMS convergence criterion is set to 0.025
 KeyMin> L-BFGS minimization
 KeyLBFGS> Maximum step size per image =     0.2000000000    
 KeyLBFGS> 4 Hessian updates per iteration
 KeyLBFGS> Guess for inverse Hessian diagonal elements =     0.1000000000E-02
 KeyTau> Using Henkelman and Jonsson's improved tangent
 KeyConnect> Using 50 images and 500 iterations in the first NEB run
 KeyDecide> Cost function in Dijkstra algorithm is D^1

 >>>>>>>>>>>>>>>>>>>>> CONNECT CYCLE 1 >>>>>>>>>>>>>>>>>>>>> 2 minima and 0 ts are known >>>>>>>>>>>>>>>>>>>>
 decide> Shortest path in Dijkstra has      1 steps with      1 missing connections, weight=     3.1410    
 decide> The unconnected minima in the chain and their distances are:
     2        3.14     1 
 
 tryconnect> First DNEB calculation will use parameters from the NEWNEB line in odata

 tryconnect> 500-iteration DNEB run for minima 1_S and 2_F using 50 images  (DNEB attempt #1)  ...
 lbfgs> Final DNEB force constant      14.77455444    
 Time to go through NEB:   0.85199999999999998     
 Double-ended search iterations= 500 RMS= 0.5015 Dev= 8.74% S= 10.03 time= 0.85
 Following    6 images are candidates for TS:    9   13   17   29   34   40  
 Converged to TS (number of iterations):          7
 Converged to TS (number of iterations):         13
 Converged to TS (number of iterations):         16
 Converged to TS (number of iterations):          7
 Converged to TS (number of iterations):         18
 Converged to TS (number of iterations):         10
 DNEB run yielded 6 true transition state(s) time=   0.20

 >>>>>  Path run for ts 1 ...
 Plus  side of path:                      75 steps. Energy=    -169.4031028       time=       0.01
 Minus side of path:                     105 steps. Energy=    -173.9284266       time=       0.02

         E+        Ets - E+           Ets       Ets - E-           E-          S       D      gamma   ~N
     -169.4031028 0.41157E-01     -169.3619460  4.5665         -173.9284266   3.750   1.263   4.325   8.786
        *NEW* (Placed in 3)                                     Known (#1)
 Unconnected minimum 3 found its way to S set.

 >>>>>  Path run for ts 2 ...
 Plus  side of path:                     140 steps. Energy=    -169.5959635       time=       0.02
 Minus side of path:                      84 steps. Energy=    -169.4031028       time=       0.01

         E+        Ets - E+           Ets       Ets - E-           E-          S       D      gamma   ~N
     -169.5959635 0.71577         -168.8801959 0.52291         -169.4031028   2.834   1.419   1.760  21.594
        *NEW* (Placed in 4)                                     Known (#3)
 Unconnected minimum 4 found its way to S set.

 >>>>>  Path run for ts 3 ...
 Plus  side of path:                     151 steps. Energy=    -170.2312631       time=       0.02
 Minus side of path:                     139 steps. Energy=    -169.5959635       time=       0.02

         E+        Ets - E+           Ets       Ets - E-           E-          S       D      gamma   ~N
     -170.2312631 0.93450         -169.2967664 0.29920         -169.5959635   3.344   1.428   2.348  16.184
        *NEW* (Placed in 5)                                     Known (#4)
 Unconnected minimum 5 found its way to S set.

 >>>>>  Path run for ts 4 ...
 Plus  side of path:                     100 steps. Energy=    -170.3769345       time=       0.01
 Minus side of path:                     117 steps. Energy=    -170.1053684       time=       0.02

         E+        Ets - E+           Ets       Ets - E-           E-          S       D      gamma   ~N
     -170.3769345  1.4598         -168.9171200  1.1882         -170.1053684   3.247   1.567   2.477  15.341
        *NEW* (Placed in 6)                                     *NEW* (Placed in 7)
 Connection established between members of the U set.

 >>>>>  Path run for ts 5 ...
 Plus  side of path:                     185 steps. Energy=    -170.0188120       time=       0.03
 Minus side of path:                      99 steps. Energy=    -169.4935874       time=       0.01

         E+        Ets - E+           Ets       Ets - E-           E-          S       D      gamma   ~N
     -170.0188120 0.54156         -169.4772497 0.16338E-01     -169.4935874   2.794   1.212   2.164  17.559
        *NEW* (Placed in 8)                                     *NEW* (Placed in 9)
 Connection established between members of the U set.

 >>>>>  Path run for ts 6 ...
 Plus  side of path:                      93 steps. Energy=    -170.9566968       time=       0.01
 Minus side of path:                     131 steps. Energy=    -170.0096395       time=       0.02

         E+        Ets - E+           Ets       Ets - E-           E-          S       D      gamma   ~N
     -170.9566968  1.8080         -169.1487135 0.86093         -170.0096395   4.631   1.965   1.797  21.152
        *NEW* (Placed in 10)                                    *NEW* (Placed in 11)
 Connection established between members of the U set.
 >>>>>>>>>>>>>>>>>>>>> CONNECT CYCLE 2 >>>>>>>>>>>>>>>>>>>>> 11 minima and 6 ts are known >>>>>>>>>>>>>>>>>>>
 decide> Shortest path in Dijkstra has      3 steps with      1 missing connections, weight=     2.5375    
 decide> The unconnected minima in the chain and their distances are:
     2        2.54     4 
 

 tryconnect> 600-iteration DNEB run for minima 2_F and 4_S using 30 images  (DNEB attempt #1)  ...
 lbfgs> Final DNEB force constant      6.768393620    
 Time to go through NEB:   0.54000000000000004     
 Double-ended search iterations= 600 RMS= 0.0954 Dev= 9.84% S= 7.04 time= 0.54
 Following    3 images are candidates for TS:   10   17   24  
 Converged to TS (number of iterations):         11
 Converged to TS (number of iterations):          7
 Converged to TS (number of iterations):          9
 DNEB run yielded 3 true transition state(s) time=   0.07
 isnewts> transition state is the same as number        6 energy=     -169.1487135040
 tryconnect> Try the path again for ts      1 with pushoff=    0.2000000000E-02

 >>>>>  Path run for ts 7 ...
 tryconnect> Trying this transition state path again with pushoff=    0.2000000000E-02
 Plus  side of path:                     136 steps. Energy=    -170.0096395       time=       0.02
 Minus side of path:                      95 steps. Energy=    -170.9566968       time=       0.01

         E+        Ets - E+           Ets       Ets - E-           E-          S       D      gamma   ~N
     -170.0096395 0.86093         -169.1487135  1.8080         -170.9566968   4.424   1.965   1.794  21.183
        Known (#11)                                             Known (#10)
 Connection established between members of the U set.

 >>>>>  Path run for ts 8 ...
 Plus  side of path:                     122 steps. Energy=    -169.2938784       time=       0.02
 Minus side of path:                     164 steps. Energy=    -169.4935874       time=       0.02

         E+        Ets - E+           Ets       Ets - E-           E-          S       D      gamma   ~N
     -169.2938784 0.63421         -168.6596649 0.83392         -169.4935874   3.871   1.463   2.259  16.819
        *NEW* (Placed in 12)                                    Known (#9)
 Connection established between members of the U set.

 >>>>>  Path run for ts 9 ...
 Plus  side of path:                     135 steps. Energy=    -169.1934423       time=       0.02
 Minus side of path:                     160 steps. Energy=    -169.2938784       time=       0.02

         E+        Ets - E+           Ets       Ets - E-           E-          S       D      gamma   ~N
     -169.1934423 0.57196         -168.6214822 0.67240         -169.2938784   3.199   1.141   2.665  14.260
        *NEW* (Placed in 13)                                    Known (#12)
 Connection established between members of the U set.
 >>>>>>>>>>>>>>>>>>>>> CONNECT CYCLE 3 >>>>>>>>>>>>>>>>>>>>> 13 minima and 9 ts are known >>>>>>>>>>>>>>>>>>>
 decide> Shortest path in Dijkstra has      4 steps with      1 missing connections, weight=     2.5772    
 decide> The unconnected minima in the chain and their distances are:
     2        2.58     5 
 

 tryconnect> 600-iteration DNEB run for minima 2_F and 5_S using 30 images  (DNEB attempt #1)  ...
 lbfgs> Final DNEB force constant      26.53297705    
 Time to go through NEB:   0.54000000000000048     
 Double-ended search iterations= 600 RMS= 0.1658 Dev= 9.45% S= 6.02 time= 0.54
 Following    2 images are candidates for TS:    5   25  
 Converged to TS (number of iterations):          5
 Converged to TS (number of iterations):         33
 DNEB run yielded 2 true transition state(s) time=   0.10

 >>>>>  Path run for ts 10 ...
 Plus  side of path:                      61 steps. Energy=    -172.8777364       time=       0.01
 Minus side of path:                      58 steps. Energy=    -173.2523784       time=       0.01

         E+        Ets - E+           Ets       Ets - E-           E-          S       D      gamma   ~N
     -172.8777364  2.3554         -170.5223530  2.7300         -173.2523784   2.459   1.506  13.996   2.715
        *NEW* (Placed in 14)                                    Known (#2)
 Unconnected minimum 14 found its way to F set.

 >>>>>  Path run for ts 11 ...
 Plus  side of path:                     100 steps. Energy=    -169.3167033       time=       0.02
 Minus side of path:                     211 steps. Energy=    -170.6898690       time=       0.03

         E+        Ets - E+           Ets       Ets - E-           E-          S       D      gamma   ~N
     -169.3167033 0.16791         -169.1487916  1.5411         -170.6898690   3.855   1.312   5.619   6.763
        *NEW* (Placed in 15)                                    *NEW* (Placed in 16)
 Connection established between members of the U set.
 >>>>>>>>>>>>>>>>>>>>> CONNECT CYCLE 4 >>>>>>>>>>>>>>>>>>>>> 16 minima and 11 ts are known >>>>>>>>>>>>>>>>>>
 decide> Shortest path in Dijkstra has      5 steps with      1 missing connections, weight=     2.3959    
 decide> The unconnected minima in the chain and their distances are:
    14        2.40     5 
 

 tryconnect> 600-iteration DNEB run for minima 5_S and 14_F using 30 images  (DNEB attempt #1)  ...
 lbfgs> Final DNEB force constant      12.15506250    
 Time to go through NEB:   0.53600000000000048     
 Double-ended search iterations= 600 RMS= 0.0968 Dev= 8.18% S= 5.04 time= 0.54
 Following    2 images are candidates for TS:    9   18  
 Converged to TS (number of iterations):          9
 Converged to TS (number of iterations):          6
 DNEB run yielded 2 true transition state(s) time=   0.05
 isnewts> transition state is the same as number       11 energy=     -169.1487915720
 tryconnect> Try the path again for ts      1 with pushoff=    0.2000000000E-02

 >>>>>  Path run for ts 12 ...
 tryconnect> Trying this transition state path again with pushoff=    0.2000000000E-02
 Plus  side of path:                     229 steps. Energy=    -170.6923125       time=       0.04
 Minus side of path:                     116 steps. Energy=    -169.3167033       time=       0.01

         E+        Ets - E+           Ets       Ets - E-           E-          S       D      gamma   ~N
     -170.6923125  1.5435         -169.1487916 0.16791         -169.3167033   3.836   1.460  14.841   2.560
        *NEW* (Placed in 17)                                    Known (#15)
 Connection established between members of the U set.

 >>>>>  Path run for ts 13 ...
 Plus  side of path:                     108 steps. Energy=    -172.8777364       time=       0.02
 Minus side of path:                     112 steps. Energy=    -170.6898690       time=       0.02

         E+        Ets - E+           Ets       Ets - E-           E-          S       D      gamma   ~N
     -172.8777364  2.4961         -170.3816857 0.30818         -170.6898690   4.000   1.609   3.561  10.671
        Known (#14)                                             Known (#16)
 Unconnected minimum 16 found its way to F set.
 >>>>>>>>>>>>>>>>>>>>> CONNECT CYCLE 5 >>>>>>>>>>>>>>>>>>>>> 17 minima and 13 ts are known >>>>>>>>>>>>>>>>>>
 decide> Shortest path in Dijkstra has      7 steps with      1 missing connections, weight=     1.3389    
 decide> The unconnected minima in the chain and their distances are:
    15        1.34     5 
 

 tryconnect> 520-iteration DNEB run for minima 5_S and 15_F using 26 images  (DNEB attempt #1)  ...
 lbfgs> Final DNEB force constant      7.462153966    
 Time to go through NEB:    6.3999999999999169E-002
 Double-ended search iterations= 44 RMS= 0.0247 Dev= 10.69% S= 1.88 time= 0.06
 Following    1 images are candidates for TS:   24  
 Converged to TS (number of iterations):          5
 DNEB run yielded 1 true transition state(s) time=   0.01

 >>>>>  Path run for ts 14 ...
 Plus  side of path:                      97 steps. Energy=    -169.3167033       time=       0.02
 Minus side of path:                     200 steps. Energy=    -170.2312631       time=       0.03

         E+        Ets - E+           Ets       Ets - E-           E-          S       D      gamma   ~N
     -169.3167033 0.35546E-01     -169.2811572 0.95011         -170.2312631   2.939   1.339   1.860  20.433
        Known (#15)                                             Known (#5)
 Connected path found
  ts        E+         Ets - E+          Ets       Ets - E-          E-          S       D      gamma   ~N
   1     -173.9284266  4.5665        -169.3619460 0.41157E-01    -169.4031028   3.750   1.263   4.325   8.786
   2     -169.4031028 0.52291        -168.8801959 0.71577        -169.5959635   2.834   1.419   1.760  21.594
   3     -169.5959635 0.29920        -169.2967664 0.93450        -170.2312631   3.344   1.428   2.348  16.184
  14     -170.2312631 0.95011        -169.2811572 0.35546E-01    -169.3167033   2.939   1.339   1.860  20.433
  11     -169.3167033 0.16791        -169.1487916  1.5411        -170.6898690   3.855   1.312   5.619   6.763
  13     -170.6898690 0.30818        -170.3816857  2.4961        -172.8777364   4.000   1.609   3.561  10.671
  10     -172.8777364  2.3554        -170.5223530  2.7300        -173.2523784   2.459   1.506  13.996   2.715

 Number of TS in the path       =      7
 Number of cycles               =      5

 Elapsed time=                                 7.45
 OPTIM> # of energy calls=                          0 time=           0.00 %=  0.0
 OPTIM> # of energy+gradient calls=             98847 time=           1.54 %= 20.6
 OPTIM> # of energy+gradient+Hessian calls=        42 time=           0.02 %=  0.2
