PATHSAMPLE version rUnversioned directory                                                 
keywords> Distance tolerance for identifying atoms in the same orbit=        0.00100
 keywords> Maximum number of secondary sets in perm.allow file=  3
keywords> Number of groups of permutable atoms=     6
keywords> group      1 contains      3 atoms with      0 additional atom sets:
     1     3     4  
keywords> group      2 contains      3 atoms with      0 additional atom sets:
    12    13    14  
keywords> group      3 contains      3 atoms with      0 additional atom sets:
    22    23    24  
keywords> group      4 contains      3 atoms with      0 additional atom sets:
    32    33    34  
keywords> group      5 contains      3 atoms with      0 additional atom sets:
    42    43    44  
keywords> group      6 contains      3 atoms with      0 additional atom sets:
    50    51    52  
main> WARNING - PERM set without perm.allow file in COPYFILES
*************************************************************************************************
debug printing is OFF
Running on          1 processors for shared memory, single node setup
Number of jobs per processor=         1
Sleep times between OPTIM job submissions (s)=     1.000000000         1.000000000    
finite system (not bulk)
OPTIM system symbol: UN
number of atoms=   52
minimum number of connections for minima=         1
maximum number of ts searches to achieve this minimum value=        10
random number seed=         1
initial perturbation parameter single-ended transition state searches=        0.90000
energy difference  criterion for distinguishing stationary points=    0.1000000000E-04
distance criterion for distinguishing stationary points=    0.1000000000E+00
inertia difference criterion for setup check=    0.1000000000E+00
sampling direction is a<-b
OPTIM executable: /home/energy/workshop/binaries/A12OPTIM                                         
Temperature=        0.59200
Performing Dijkstra analysis to find the most important paths
Rate calculation will iteratively remove minima with     0 connections or fewer
path.info files will be read as min-sad-min triples
Resetting EVCUT to 0.10E+21 for SI units; check it is appropriate for your system
*************************************************************************************************
setup> locations read for          1 min of type A
setup> locations read for          1 min of type B
mindouble> Increasing maximum number of minima to       52
setup> parameters read for         48 min
tsdouble> Maximum number of ts increased to       20
tsdouble> Maximum number of ts increased to       40
tsdouble> Maximum number of ts increased to       80
setup> parameters read for         63 ts
setup> Setting up ts pointers
setup> Calculating rate constants
DISTANCET,DISTANCETST,DISTANCETO1,DISTANCETO2=    F    F         1         1
main> time spent in setup=        0.00102
getnconn> max connections:          5 for min         18 # of zeros=         0 after removing minima with <          1
RATECONST_SETUP>       0 minima with        0 connections or fewer will not be considered
Dijkstra> steps to A region converged in        5 cycles; maximum=       9 disconnected=      15
Dijkstra> steps to B region converged in        6 cycles; maximum=      10 disconnected=      15
Dijkstra> Best path for min       10 and any A minimum, k^SS A<-B     1.181965134    
       6       5      11       4       8      34      17      18      14      10
Dijkstra> Best path between any B minimum and any A minimum:
       6       5      11       4       8      34      17      18      14      10
Dijkstra> Largest contribution to SS rate constant A<-B for any A and B is      1.181965134     for      9 transition states:
Dijkstra> Note that path is printed backwards starting with A, ending with B
                    E+                          Ets                         E-
       6      -41.7229924014       3      -36.5063561299       5      -40.6448843122
       5      -40.6448843122      55      -34.3645542064      11      -41.2338768086
      11      -41.2338768086      10      -35.7486198152       4      -37.9728100102
       4      -37.9728100102       5      -31.2020724372       8      -34.5658036376
       8      -34.5658036376      43      -32.3234336139      34      -36.0052301475
      34      -36.0052301475      63      -30.6963195127      17      -36.6039294733
      17      -36.6039294733      16      -32.2598697288      18      -36.7091838691
      18      -36.7091838691      20      -35.6025171972      14      -35.9281441274
      14      -35.9281441274      15      -32.2662049080      10      -34.6022075798
Dijkstra> Ordered downhill barriers,    ts        barrier
                                         55     6.869322602    
                                         63     5.907609961    
                                         16     4.449314140    
                                          3     4.138528182    
                                         43     3.681796534    
                                          5     3.363731200    
                                         15     2.336002672    
                                         10     2.224190195    
                                         20    0.3256269302    
Dijkstra> dumping minima and transition state coordinates to file redopoints, steps=     9
 HH32HH33C   O   N   H   CA  HA  CB  HB1 HB2 HB3 
 prmformat=(12A4)  
 ATOMLABELS=
 HH31CH3 HH32HH33C   O   N   H   CA  HA  CB  HB1 HB2 HB3 C   O   N   H   CA  HA  CB  HB1 HB2 HB3 C   O   N   H   CA  HA  CB  HB1 HB2 HB3 C   O   N   H   CA  HA  CB  HB1 HB2 HB3 C   O   N   H   CH3 HH31HH32HH33
Dijkstra> detailed balance, ratio should be one if SS applies:      6.968168354    
Dijkstra> MFPT for fastest path: A<-B value=    0.1114774662E-06 B<-A value=    0.8416345114E-04
Dijkstra> rates without conditional probability: A<-B value=     8970422.756     B<-A value=     11881.64205    
Dijkstra> rates with    conditional probability: A<-B value=     8970422.756     B<-A value=     11881.64205    
main> CPU time spent in Dijkstra                    =    0.70060E-02 s
main> total CPU time spent in PATHSAMPLE            =    0.80640E-02 s
